<?xml version="1.0" encoding="UTF-8"?>
<testng-results ignored="0" total="2" passed="2" failed="0" skipped="0">
  <reporter-output>
  </reporter-output>
  <suite started-at="2025-02-27T11:54:50 IST" name="Default suite" finished-at="2025-02-27T11:54:52 IST" duration-ms="1184">
    <groups>
    </groups>
    <test started-at="2025-02-27T11:54:50 IST" name="Default test" finished-at="2025-02-27T11:54:52 IST" duration-ms="1184">
      <class name="api.test.APASTests">
        <test-method signature="ProgramTest(java.lang.String,java.lang.String,java.lang.String,java.lang.String,java.lang.String,java.lang.String,java.lang.String,java.lang.String)[pri:0, instance:api.test.APASTests@1a677343]" started-at="2025-02-27T11:54:52 IST" name="ProgramTest" data-provider="ExcelData" finished-at="2025-02-27T11:54:52 IST" duration-ms="29" status="PASS">
          <params>
            <param index="0">
              <value>
                <![CDATA[1]]>
              </value>
            </param>
            <param index="1">
              <value>
                <![CDATA[naveenk]]>
              </value>
            </param>
            <param index="2">
              <value>
                <![CDATA[naveen]]>
              </value>
            </param>
            <param index="3">
              <value>
                <![CDATA[Kundgol]]>
              </value>
            </param>
            <param index="4">
              <value>
                <![CDATA[naveen@123]]>
              </value>
            </param>
            <param index="5">
              <value>
                <![CDATA[naveen123]]>
              </value>
            </param>
            <param index="6">
              <value>
                <![CDATA[88613]]>
              </value>
            </param>
            <param index="7">
              <value>
                <![CDATA[0]]>
              </value>
            </param>
          </params>
          <reporter-output>
          </reporter-output>
        </test-method> <!-- ProgramTest -->
        <test-method signature="ProgramTest(java.lang.String,java.lang.String,java.lang.String,java.lang.String,java.lang.String,java.lang.String,java.lang.String,java.lang.String)[pri:0, instance:api.test.APASTests@1a677343]" started-at="2025-02-27T11:54:52 IST" name="ProgramTest" data-provider="ExcelData" finished-at="2025-02-27T11:54:52 IST" duration-ms="2" status="PASS">
          <params>
            <param index="0">
              <value>
                <![CDATA[2]]>
              </value>
            </param>
            <param index="1">
              <value>
                <![CDATA[sarita]]>
              </value>
            </param>
            <param index="2">
              <value>
                <![CDATA[sarrr]]>
              </value>
            </param>
            <param index="3">
              <value>
                <![CDATA[huhu]]>
              </value>
            </param>
            <param index="4">
              <value>
                <![CDATA[ojo]]>
              </value>
            </param>
            <param index="5">
              <value>
                <![CDATA[lkll]]>
              </value>
            </param>
            <param index="6">
              <value>
                <![CDATA[88613]]>
              </value>
            </param>
            <param index="7">
              <value>
                <![CDATA[0]]>
              </value>
            </param>
          </params>
          <reporter-output>
          </reporter-output>
        </test-method> <!-- ProgramTest -->
      </class> <!-- api.test.APASTests -->
    </test> <!-- Default test -->
  </suite> <!-- Default suite -->
</testng-results>
