<?xml version="1.0" encoding="UTF-8"?>
<testng-results ignored="0" total="2" passed="2" failed="0" skipped="0">
  <reporter-output>
  </reporter-output>
  <suite started-at="2025-06-02T23:27:14 IST" name="Default suite" finished-at="2025-06-02T23:27:18 IST" duration-ms="3936">
    <groups>
    </groups>
    <test started-at="2025-06-02T23:27:14 IST" name="Default test" finished-at="2025-06-02T23:27:18 IST" duration-ms="3936">
      <class name="api.test.CRUDTests">
        <test-method signature="testGetRequest()[pri:0, instance:api.test.CRUDTests@139982de]" started-at="2025-06-02T23:27:14 IST" name="testGetRequest" finished-at="2025-06-02T23:27:17 IST" duration-ms="2794" status="PASS">
          <reporter-output>
          </reporter-output>
        </test-method> <!-- testGetRequest -->
        <test-method signature="testPostRequest()[pri:0, instance:api.test.CRUDTests@139982de]" started-at="2025-06-02T23:27:17 IST" name="testPostRequest" finished-at="2025-06-02T23:27:18 IST" duration-ms="1087" status="PASS">
          <reporter-output>
          </reporter-output>
        </test-method> <!-- testPostRequest -->
      </class> <!-- api.test.CRUDTests -->
    </test> <!-- Default test -->
  </suite> <!-- Default suite -->
</testng-results>
